Build started 9/10/2015 09:48:37.
     1>Project "C:\Users\sthanyadit\documents\visual studio 2013\Projects\final_project\final_project\final_project.vcxproj" on node 2 (Build target(s)).
     1>ClCompile:
         C:\Program Files (x86)\Microsoft Visual Studio 12.0\VC\bin\CL.exe /c /Ic:\opencv\install\x86\vc12\..\..\include /ZI /nologo /W3 /WX- /Od /Oy- /D WIN32 /D _DEBUG /D _WINDOWS /D _UNICODE /D UNICODE /Gm /EHsc /RTC1 /MDd /GS /fp:precise /Zc:wchar_t /Zc:forScope /Fo"Debug\\" /Fd"Debug\vc120.pdb" /Gd /TP /analyze- /errorReport:prompt kinect_handle.cpp
         kinect_handle.cpp
     1>c:\users\sthanyadit\documents\visual studio 2013\projects\final_project\final_project\kinect_handle.cpp(311): warning C4800: 'BOOLEAN' : forcing value to bool 'true' or 'false' (performance warning)
     1>c:\users\sthanyadit\documents\visual studio 2013\projects\final_project\final_project\kinect_handle.cpp(355): warning C4244: 'initializing' : conversion from 'float' to 'int', possible loss of data
     1>c:\users\sthanyadit\documents\visual studio 2013\projects\final_project\final_project\kinect_handle.cpp(378): warning C4244: '=' : conversion from 'double' to 'float', possible loss of data
     1>c:\users\sthanyadit\documents\visual studio 2013\projects\final_project\final_project\kinect_handle.cpp(379): warning C4244: '=' : conversion from 'double' to 'float', possible loss of data
     1>c:\users\sthanyadit\documents\visual studio 2013\projects\final_project\final_project\kinect_handle.cpp(407): warning C4244: 'initializing' : conversion from 'float' to 'int', possible loss of data
     1>c:\users\sthanyadit\documents\visual studio 2013\projects\final_project\final_project\kinect_handle.cpp(408): warning C4244: 'initializing' : conversion from 'float' to 'int', possible loss of data
     1>c:\users\sthanyadit\documents\visual studio 2013\projects\final_project\final_project\kinect_handle.cpp(420): warning C4244: 'initializing' : conversion from 'float' to 'int', possible loss of data
     1>c:\users\sthanyadit\documents\visual studio 2013\projects\final_project\final_project\kinect_handle.cpp(421): warning C4244: 'initializing' : conversion from 'float' to 'int', possible loss of data
     1>c:\users\sthanyadit\documents\visual studio 2013\projects\final_project\final_project\kinect_handle.cpp(458): warning C4244: 'initializing' : conversion from 'double' to 'float', possible loss of data
     1>c:\users\sthanyadit\documents\visual studio 2013\projects\final_project\final_project\kinect_handle.cpp(459): warning C4244: 'initializing' : conversion from 'double' to 'float', possible loss of data
     1>c:\users\sthanyadit\documents\visual studio 2013\projects\final_project\final_project\kinect_handle.cpp(480): warning C4244: 'argument' : conversion from 'const float' to 'int', possible loss of data
     1>c:\users\sthanyadit\documents\visual studio 2013\projects\final_project\final_project\kinect_handle.cpp(554): warning C4244: 'initializing' : conversion from 'double' to 'float', possible loss of data
     1>c:\users\sthanyadit\documents\visual studio 2013\projects\final_project\final_project\kinect_handle.cpp(555): warning C4244: 'initializing' : conversion from 'double' to 'float', possible loss of data
     1>c:\users\sthanyadit\documents\visual studio 2013\projects\final_project\final_project\kinect_handle.cpp(557): warning C4244: 'initializing' : conversion from 'int' to 'float', possible loss of data
     1>c:\users\sthanyadit\documents\visual studio 2013\projects\final_project\final_project\kinect_handle.cpp(691): warning C4305: 'argument' : truncation from 'double' to 'float'
       Link:
         C:\Program Files (x86)\Microsoft Visual Studio 12.0\VC\bin\link.exe /ERRORREPORT:PROMPT /OUT:"C:\Users\sthanyadit\documents\visual studio 2013\Projects\final_project\Debug\final_project.exe" /INCREMENTAL /NOLOGO /LIBPATH:c:\opencv\install\x86\vc12\lib nvapi.lib dxerr.lib DXUTOpt.lib PhysX3DEBUG_x86.lib PhysX3CommonDEBUG_x86.lib PhysX3ExtensionsDEBUG.lib PhysXVisualDebuggerSDKDEBUG.lib opencv_core2410d.lib opencv_imgproc2410d.lib opencv_highgui2410d.lib opencv_ml2410d.lib opencv_video2410d.lib opencv_features2d2410d.lib opencv_calib3d2410d.lib opencv_objdetect2410d.lib opencv_contrib2410d.lib opencv_legacy2410d.lib opencv_flann2410d.lib opencv_gpu2410d.lib kinect20.lib Kinect20.Face.lib kernel32.lib user32.lib gdi32.lib winspool.lib comdlg32.lib advapi32.lib shell32.lib ole32.lib oleaut32.lib uuid.lib odbc32.lib odbccp32.lib /MANIFEST /MANIFESTUAC:"level='asInvoker' uiAccess='false'" /manifest:embed /DEBUG /PDB:"C:\Users\sthanyadit\documents\visual studio 2013\Projects\final_project\Debug\final_project.pdb" /SUBSYSTEM:WINDOWS /TLBID:1 /DYNAMICBASE /NXCOMPAT /IMPLIB:"C:\Users\sthanyadit\documents\visual studio 2013\Projects\final_project\Debug\final_project.lib" /MACHINE:X86 Debug\final_project.res
         Debug\Box.obj
         Debug\graphic.obj
         Debug\final_project.obj
         Debug\kinect_handle.obj
         Debug\nvStereo.obj
         Debug\smooth_filter.obj
         Debug\stdafx.obj
         Debug\terrainclass.obj
         final_project.vcxproj -> C:\Users\sthanyadit\documents\visual studio 2013\Projects\final_project\Debug\final_project.exe
     1>Done Building Project "C:\Users\sthanyadit\documents\visual studio 2013\Projects\final_project\final_project\final_project.vcxproj" (Build target(s)).

Build succeeded.

Time Elapsed 00:00:01.62
